<?xml version="1.0" encoding="UTF-8"?>
<testsuite name="com.t.order2.TestClient" tests="1" skipped="0" failures="0" errors="0" timestamp="2021-12-22T06:29:14" hostname="hangdeMacBook-Pro.local" time="0.016">
  <properties/>
  <testcase name="simpleCase()" classname="com.t.order2.TestClient" time="0.016"/>
  <system-out><![CDATA[Diff: compare A <> D
Diff: compare A <> C
Diff: compare A <> E
Diff: compare B <> D
Diff: compare B <> C
Diff: compare B <> E
Diff: compare C <> D
Diff: compare C <> C
Diff: =========1=========
Diff: remove C from 2
Diff: add C to 3
Diff: compare C <> E
Diff: current list: ABDC
Diff: compare C <> D
Diff: compare C <> E
Diff: insert newData: D to 2
Diff: insert newData: E to 4
merged List: ABDDEC
]]></system-out>
  <system-err><![CDATA[]]></system-err>
</testsuite>
